<?xml version="1.0" encoding="UTF-8"?>
<!-- Generated by org.testng.reporters.JUnitXMLReporter -->
<testsuite hostname="Ramrajesh-PC" ignored="0" name="Default test" tests="4" failures="0" timestamp="02 Mar 2022 10:23:59 GMT" time="98.623" errors="0">
  <testcase name="LoginTest" time="7.213" classname="day5.DateProviderWithInput"/>
  <testcase name="LoginTest" time="12.878" classname="day5.DateProviderWithInput"/>
  <testcase name="LoginTest" time="7.696" classname="day5.DateProviderWithInput"/>
  <testcase name="LoginTest" time="9.862" classname="day5.DateProviderWithInput"/>
</testsuite> <!-- Default test -->
