<?xml version="1.0" encoding="UTF-8"?>
<!-- Generated by org.testng.reporters.JUnitXMLReporter -->
<testsuite hostname="Ramrajesh-PC" ignored="1" name="Test" tests="3" failures="0" timestamp="02 Mar 2022 10:25:59 GMT" time="33.733" errors="0">
  <testcase name="TestCase1" time="0.013" classname="day5.TestNGExercise1"/>
  <testcase name="TestCase2" time="0.003" classname="day5.TestNGExercise1"/>
  <testcase name="LoginTC" time="15.359" classname="day5.TestNGExercise2"/>
  <testcase name="FlightSearchTC" time="0.0" classname="day5.TestNGExercise2">
    <ignored/>
  </testcase> <!-- FlightSearchTC -->
</testsuite> <!-- Test -->
