<?xml version="1.0" encoding="UTF-8"?>
<testng-results skipped="0" failed="0" ignored="1" total="4" passed="3">
  <reporter-output>
  </reporter-output>
  <suite name="Suite" duration-ms="33733" started-at="2022-03-02T10:25:25Z" finished-at="2022-03-02T10:25:59Z">
    <groups>
    </groups>
    <test name="Test" duration-ms="33733" started-at="2022-03-02T10:25:25Z" finished-at="2022-03-02T10:25:59Z">
      <class name="day5.TestNGExercise2">
        <test-method status="PASS" signature="LoginTC()[pri:1, instance:day5.TestNGExercise2@166e5bd]" name="LoginTC" duration-ms="15359" started-at="2022-03-02T10:25:43Z" finished-at="2022-03-02T10:25:58Z">
          <reporter-output>
          </reporter-output>
        </test-method> <!-- LoginTC -->
      </class> <!-- day5.TestNGExercise2 -->
      <class name="day5.TestNGExercise1">
        <test-method status="PASS" signature="beforeTest()[pri:0, instance:day5.TestNGExercise1@ef9176]" name="beforeTest" is-config="true" duration-ms="41" started-at="2022-03-02T10:25:25Z" finished-at="2022-03-02T10:25:25Z">
          <reporter-output>
          </reporter-output>
        </test-method> <!-- beforeTest -->
        <test-method status="PASS" signature="beforeTest()[pri:0, instance:day5.TestNGExercise2@166e5bd]" name="beforeTest" is-config="true" duration-ms="17608" started-at="2022-03-02T10:25:25Z" finished-at="2022-03-02T10:25:43Z">
          <reporter-output>
          </reporter-output>
        </test-method> <!-- beforeTest -->
        <test-method status="PASS" signature="beforeClass()[pri:0, instance:day5.TestNGExercise1@ef9176]" name="beforeClass" is-config="true" duration-ms="0" started-at="2022-03-02T10:25:43Z" finished-at="2022-03-02T10:25:43Z">
          <reporter-output>
          </reporter-output>
        </test-method> <!-- beforeClass -->
        <test-method status="PASS" signature="TestCase1()[pri:0, instance:day5.TestNGExercise1@ef9176]" name="TestCase1" duration-ms="13" started-at="2022-03-02T10:25:43Z" finished-at="2022-03-02T10:25:43Z">
          <reporter-output>
          </reporter-output>
        </test-method> <!-- TestCase1 -->
        <test-method status="PASS" signature="TestCase2()[pri:0, instance:day5.TestNGExercise1@ef9176]" name="TestCase2" duration-ms="3" started-at="2022-03-02T10:25:43Z" finished-at="2022-03-02T10:25:43Z">
          <reporter-output>
          </reporter-output>
        </test-method> <!-- TestCase2 -->
        <test-method status="PASS" signature="afterClass()[pri:0, instance:day5.TestNGExercise1@ef9176]" name="afterClass" is-config="true" duration-ms="0" started-at="2022-03-02T10:25:43Z" finished-at="2022-03-02T10:25:43Z">
          <reporter-output>
          </reporter-output>
        </test-method> <!-- afterClass -->
        <test-method status="PASS" signature="afterTest()[pri:0, instance:day5.TestNGExercise1@ef9176]" name="afterTest" is-config="true" duration-ms="0" started-at="2022-03-02T10:25:58Z" finished-at="2022-03-02T10:25:58Z">
          <reporter-output>
          </reporter-output>
        </test-method> <!-- afterTest -->
        <test-method status="PASS" signature="afterTest()[pri:0, instance:day5.TestNGExercise2@166e5bd]" name="afterTest" is-config="true" duration-ms="653" started-at="2022-03-02T10:25:58Z" finished-at="2022-03-02T10:25:59Z">
          <reporter-output>
          </reporter-output>
        </test-method> <!-- afterTest -->
      </class> <!-- day5.TestNGExercise1 -->
    </test> <!-- Test -->
  </suite> <!-- Suite -->
</testng-results>
